[RUN #0 10 10]
-735 -685 978 -966 448 752 -947 746 939 -144
264 -70 -62 383 -702 709 600 893 554 -214
-460 754 -135 330 -592 -603 -697 -770 -343 488
338 553 402 -204 -54 -676 302 501 399 537
-936 -757 -104 595 -649 -202 -656 513 -7 -342
378 63 -812 -10 -274 520 849 -427 126 195
-874 736 -515 -14 -486 743 -123 -443 -786 -683
878 416 -458 -249 -386 -706 601 -900 965 -731
497 -416 -905 477 -83 421 300 235 987 102
-29 716 -132 -523 156 268 -188 -312 629 689
[RUN #1 5 10]
506 -491 135 -764 611
56 713 -464 499 -461
188 253 -234 -600 -1
515 788 674 -237 240
-517 -214 591 -619 869
-737 109 970 752 812
449 444 -667 713 -944
-53 739 -205 -553 865
920 -477 429 94 303
-569 936 862 227 112
[RUN #2 3 10]
801 -630 118
-44 -561 701
784 -436 -608
-703 -186 354
220 -521 -397
-103 582 -762
169 137 448
-171 -145 -285
-615 975 -253
615 674 823
[RUN #3 3 10]
278 -504 -216
-944 -820 -251
-412 528 -290
512 -24 530
357 -437 -741
-213 -879 -180
11 -155 -868
835 508 948
453 645 -544
509 -198 -251
[RUN #4 3 5]
-977 -894 -188
-736 -341 259
-627 -354 -775
347 -969 69
641 234 -579
[RUN #5 3 5]
-693 976 -262
974 337 797
-562 -332 -388
480 -650 923
534 997 394
[RUN #6 3 5]
-697 647 385
-961 309 -286
725 -272 -441
-434 -181 -250
-746 -514 -902
[RUN #7 3 5]
94 -736 754
-563 849 810
11 -699 713
-30 -801 150
-852 947 -969
[RUN #8 3 5]
415 -117 -298
-801 -828 -733
686 -657 -525
-494 944 233
-754 -990 -323
[RUN #9 5 5]
-367 -290 -781 850 -444
850 -237 -529 490 359
-181 43 470 406 218
973 -39 -766 -472 -856
860 356 879 966 618
[RUN #10 5 10]
-999 505 17 -731 945
-412 -234 718 -531 -184
-311 828 -482 -96 890
125 -557 -598 764 -870
-608 692 -634 -584 890
608 -292 23 -219 51
978 -426 -666 -513 -689
-863 727 581 -266 250
727 -481 619 550 -331
670 -762 -828 -942 -778
[RUN #11 5 10]
-65 -64 -895 435 -958
-162 -498 989 -28 103
-606 136 915 858 116
-471 -517 667 -279 519
302 237 -669 -211 -148
-331 -703 -893 218 309
440 253 -651 -757 -738
306 90 573 -458 -159
-896 -374 -799 510 678
-305 -379 -897 -136 879
[RUN #12 5 10]
-725 -161 -130 632 7
921 586 87 197 -909
-416 -802 256 -567 -282
-996 -777 -945 -443 -564
183 190 573 395 -316
364 846 149 313 -718
-975 -826 -570 723 -734
-323 -924 69 67 359
131 -76 -637 529 -969
-495 -440 -984 -430 599
[RUN #13 5 10]
-665 -122 992 -809 -904
-735 -469 -705 801 768
-289 -615 -412 -570 -741
238 -42 -525 -189 246
-113 -723 -258 865 103
800 -791 -760 -752 563
-696 -673 -810 -760 -546
553 -446 -482 -449 -457
-647 982 161 377 848
-435 755 476 846 -580
[RUN #14 5 10]
-649 846 -868 -373 101
379 -611 -363 -444 -541
645 785 -942 -383 748
843 371 445 -977 -500
965 507 654 -734 -605
-26 304 -311 -904 877
352 148 222 -132 217
-949 -408 119 -865 98
223 644 840 97 386
-645 726 317 -367 480
[RUN #15 5 10]
917 -887 -886 713 -397
251 379 232 -564 951
-101 -637 290 126 161
-188 946 507 -629 -329
221 -261 850 -472 -291
-778 -394 -631 -876 -234
-642 719 -936 -834 -908
-709 204 -659 466 224
360 -533 -734 796 -593
588 291 -411 -737 448
[RUN #16 3 10]
-898 558 810
781 679 242
-475 -377 230
-532 319 -480
-525 -410 -633
702 -408 942
125 -926 309
723 452 857
-836 -402 -370
459 670 -964
[RUN #17 100 10]
458 156 35 575 -196 -644 -832 281 -339 -965 -497 -271 -818 -538 -916 -8 -994 -360 354 335 -278 660 -35 -641 3 -259 -544 -411 -412 -240 -349 -109 465 997 884 -904 842 -75 -241 -489 -573 920 245 733 853 405 -129 610 318 711 443 -477 -882 319 754 -869 108 339 151 -292 506 -480 -634 307 -382 -601 709 888 -202 -828 -365 490 -17 778 -693 -794 621 19 -979 -293 402 -563 29 59 -782 -761 51 -466 -342 160 377 -67 747 118 543 -574 -79 619 -406 -781
272 -239 554 -619 717 57 -631 -29 -356 -840 -56 552 31 761 956 -830 877 -736 -291 -384 -153 -624 580 -289 376 -27 496 -741 11 -844 741 -982 508 924 664 -836 597 171 63 -88 670 583 -612 371 -875 -943 -67 881 -771 80 326 455 282 394 911 944 487 -674 370 453 30 591 673 627 681 863 -924 -675 693 860 -640 677 62 -984 -199 333 -324 -210 442 918 -583 945 -188 -672 820 811 -6 -918 285 -891 772 -111 885 -196 -653 -386 815 352 -262 -204
938 -937 261 77 -665 342 -636 217 -524 -907 -276 714 40 -947 129 393 -294 -957 52 934 374 658 49 936 -979 -356 786 -407 783 -527 -940 -159 -740 -277 -272 545 771 569 396 -563 -716 507 -584 14 -248 -492 637 -370 -878 -443 640 -697 -480 -316 -26 -987 840 -177 -762 540 -554 260 918 586 -361 -840 875 -486 577 -226 -778 -558 29 -396 766 -473 132 125 570 629 -860 -504 944 279 792 303 -839 -175 -481 903 -123 -142 584 466 776 -275 141 757 -657 403
93 -37 70 188 153 -263 -62 574 -566 -931 321 374 -49 846 -838 530 -20 600 452 -589 263 -692 -153 151 -843 -7 84 -520 181 845 -737 -759 -105 819 -56 241 -761 592 -722 -453 -371 -159 -280 -886 -678 -425 -114 515 -241 -648 399 -269 992 122 283 109 -340 -32 640 270 -909 158 -240 -900 -841 820 -361 906 174 243 198 -339 -43 202 594 350 -257 299 307 -771 -555 -123 -394 293 -904 239 -302 509 -861 486 -133 -755 -5 -437 -617 221 580 595 -282 82
677 365 -391 -339 -580 -510 -453 60 -52 -196 -700 -810 903 -414 729 661 973 -977 -945 955 203 -464 625 201 268 -256 -519 397 -663 914 -499 239 -389 -809 90 690 -600 -301 282 -472 -943 -544 -936 998 -989 -372 -269 297 946 -96 -37 311 816 238 491 -351 982 -720 270 -275 13 -462 -585 225 -348 -330 501 526 483 936 -594 -331 -956 -383 -570 813 824 424 723 899 -212 -839 -338 996 -51 -340 -788 858 432 -417 -576 -861 -206 -817 -72 689 664 342 115 58
897 740 439 -967 14 733 -340 -8 -356 -108 -972 746 82 569 -949 -717 988 -370 748 715 -23 272 -41 547 -962 977 -881 -379 429 -633 729 -451 145 4 -82 -652 927 -36 5 834 -165 747 -251 258 151 -789 -297 -156 608 576 187 -635 -355 135 728 -609 -824 -375 -377 -782 679 -490 -623 -709 324 79 113 -130 867 237 -932 259 157 -935 755 223 -711 823 -491 -400 411 336 586 969 672 677 -730 600 966 146 719 399 773 815 -503 622 -858 -144 284 -49
-101 977 356 -412 736 346 777 -576 757 245 63 -606 165 -590 695 -725 360 -762 -639 888 -520 -792 831 -469 450 -796 -107 419 19 -437 -979 -693 984 -525 834 83 -817 803 -112 577 835 -617 -951 303 250 645 255 284 693 738 -609 -231 -250 599 -831 -1 -276 -733 -121 62 636 964 331 -690 525 -174 -222 521 -255 287 -534 -241 -161 529 -422 -426 39 -89 -312 -334 428 583 763 642 172 -832 944 606 -245 -343 612 262 139 -8 708 -6 705 507 477 177
600 -454 137 -542 70 938 -299 -755 -523 479 -135 -894 -996 181 -831 -49 -572 -724 -412 -44 603 -237 -402 -35 -888 688 -602 591 -980 176 -961 888 785 339 942 516 755 879 225 954 5 -696 649 735 -68 687 834 618 460 -198 -205 905 818 -573 -843 995 -692 860 -125 -254 920 743 -27 -914 160 -43 955 928 -413 151 793 -564 10 -364 -385 268 -662 -999 512 -973 734 84 638 -559 -504 -937 519 787 877 807 -546 301 -501 -499 -995 681 -96 128 472 -338
422 -546 -587 -562 817 322 -749 178 -17 162 -460 -446 599 615 -194 -493 -534 143 601 337 746 -375 42 -694 -56 948 -969 97 -638 101 291 -5 -114 -601 683 -788 -25 -748 944 544 -248 295 13 495 106 -854 616 -104 -426 -502 334 -106 18 -325 923 -443 -376 -564 841 -860 -395 200 742 -773 122 -585 -833 50 775 965 330 255 26 -862 -626 -492 403 -960 -531 414 -98 -515 -133 861 872 -859 -644 714 677 -701 -679 36 -518 935 908 -530 -696 -60 438 -474
-992 324 304 65 -780 176 933 475 -849 46 123 -279 365 -433 999 697 -253 -749 -100 438 450 -480 -802 766 244 -690 -317 -164 -211 -588 -883 -121 -635 -590 156 902 619 831 -868 -745 -235 798 -891 593 628 -197 734 185 -904 906 918 -11 689 -534 -658 672 -414 273 -661 -732 57 615 983 -998 -781 -523 850 -689 192 -184 -609 -636 -269 72 398 -342 -994 340 978 111 -467 753 -276 558 452 601 598 -949 -605 91 492 546 545 -213 149 729 199 -705 338 -731
[RUN #18 500 10]
-576 124 -683 629 -738 -181 -951 424 461 -36 -229 -996 -587 -450 -978 184 804 119 -550 598 -873 645 -314 -600 -58 -418 -460 -511 -851 -868 -387 -7 948 -414 544 816 -761 990 29 295 -494 179 -149 937 585 -216 964 653 340 -110 895 -281 -879 -756 -121 500 -804 219 507 -309 762 425 -848 -867 -467 828 -419 -62 -274 144 978 -242 -130 -428 -500 -342 -482 152 -545 599 492 -778 61 -88 -717 4 -35 583 -769 797 202 113 -821 488 -429 -749 224 749 216 -481 -48 -950 -426 -150 936 772 -885 -447 -413 822 452 -298 182 -747 175 475 -965 -188 448 953 -162 601 -485 795 -126 407 44 847 -920 296 253 10 116 292 662 -390 34 747 974 -966 404 -525 -973 203 -915 46 971 -963 -512 -838 -700 -679 -232 981 -720 676 622 5 918 -652 -623 380 -114 -271 193 249 -776 50 -183 -687 566 -174 988 719 170 -80 925 860 -932 -264 347 -791 530 748 -186 844 -78 -41 717 -254 -341 -828 836 196 444 972 -843 -94 149 472 768 916 589 -743 237 -958 -323 -745 539 -404 -634 -919 664 -470 256 84 962 -425 -294 -633 -597 -940 -556 298 -933 -846 -631 287 431 929 2 830 885 343 43 -588 -593 263 0 88 264 -71 -901 382 -696 -611 344 793 -412 390 -900 -75 655 -755 858 -454 732 876 -109 759 987 -514 611 -25 226 930 447 445 -617 405 -582 -561 859 -197 258 -565 -579 349 480 -469 155 147 -572 -138 -422 800 -499 -639 324 -655 -988 931 923 371 572 659 -147 503 850 245 40 -113 870 983 220 -566 733 -567 -741 -626 618 389 59 -238 82 -754 -305 596 360 -215 -321 -423 904 709 -813 -67 -786 -347 -993 935 998 280 -89 -711 -701 -788 893 903 871 3 24 515 234 694 573 -28 617 -76 840 -480 -70 408 469 606 -120 933 -15 288 -740 -509 -345 -961 -475 932 685 909 755 -421 275 -844 -890 -684 -907 -603 -551 -691 -746 574 323 75 -218 259 -398 826 -118 -970 634 -227 781 -47 -949 -310 -891 477 725 365 776 -552 631 656 852 201 362 -750 153 401 -451 -106 -59 -152 -931 779 -443 548 17 955 612 -378 517 637 897 -389 -564 -353 -53 -357 -856 55 -5 571 300 -872 712 -97 139 -72 491 753 -659 786 -712 -358 115 157 -282 696 -260 861 187 636 -266 -246 -20 -985 -293 -161 825 887 -286 474 22 -925 -165 672 335 277 -662 45 60 -784 -299 -914 -405 557 -504 989 -204 954 -820 -57 478 -918 -824 613 -615 -682 356 8 692 -493 -739 -795 178 687 451 -752 -943 -364 593 976
365 -616 896 -362 -71 235 613 -646 769 -332 926 -494 156 -527 286 -279 -707 647 470 -737 -728 -454 839 -698 -51 634 -317 982 -221 744 -694 489 398 -718 -968 975 221 -813 -26 -818 -558 364 -216 -699 -92 698 351 -904 -333 -217 198 758 -635 -605 -222 808 -212 -942 9 359 958 -189 -244 -147 -310 158 77 860 -401 957 -965 -749 347 -593 -570 -746 -884 309 -499 129 510 -750 -688 686 58 225 928 -119 83 -169 380 -250 -955 -561 697 -298 -111 -951 223 855 749 -295 266 -79 -248 -106 437 -557 431 -39 429 -112 -865 -706 344 -552 931 837 -939 663 908 -65 38 -460 -197 183 499 772 -97 884 -905 654 529 52 -56 835 636 -633 -315 559 -495 540 -625 -179 681 521 912 573 667 -477 -307 784 923 934 407 720 -313 691 -985 -74 583 -375 854 214 212 -733 -369 271 389 -440 -253 -624 236 -341 -449 343 -776 656 -35 447 128 621 -840 -773 -403 -620 -304 933 381 -980 -812 147 -618 -402 -55 -12 408 -535 -480 824 -363 -597 -612 -163 557 -44 -486 57 -543 -227 76 397 99 -664 -146 -110 275 956 -321 104 -73 -204 -744 858 245 375 -57 -548 662 493 -928 580 -118 146 -201 878 676 421 918 53 -973 419 181 -215 -338 -357 -445 675 -836 966 -428 454 -783 51 43 345 -617 959 -529 -283 215 -755 644 916 -937 -775 -391 32 -16 -42 938 482 96 520 228 632 -483 207 -446 -638 23 549 -888 86 467 -434 741 558 -68 301 -181 -696 -793 -195 610 962 270 262 -491 995 -935 -456 -803 189 -703 415 -721 714 253 -103 -1 800 -534 -303 384 297 197 -844 -550 -902 539 -101 -714 -432 -365 -160 -237 -36 -48 -400 -492 -425 -864 -567 -998 -223 -660 35 54 -796 -695 713 63 -807 234 -975 543 330 6 -52 701 299 49 494 717 -560 639 600 998 379 819 619 753 354 -198 -690 909 780 -912 -811 530 -601 999 231 -33 -767 898 903 -794 992 320 492 -388 612 342 -25 24 -190 -961 -556 524 801 -294 261 420 -921 546 -137 -49 927 989 -805 259 -898 -89 864 -437 441 285 -982 -7 -72 -522 -685 -284 -406 986 597 258 101 736 874 -300 -725 -390 -909 222 37 -780 623 -846 -331 553 568 578 930 -717 -186 -856 -20 -594 483 -496 -152 -66 -471 872 536 -213 -509 -613 566 -271 -790 -109 624 833 897 -207 985 -451 -658 273 -553 -969 799 -771 688 -782 412 -107 25 630 538 880 -329 -234 -763 -323 -421 -708 319 -371 -971 -393 240 289 50 2 -463 -151 -292 895 72 -615 971 537 -960 348 729
-666 -829 -900 730 399 -837 -832 -589 -1000 594 -680 555 511 -526 568 -90 170 325 -462 847 104 -182 482 885 455 86 -94 414 987 -230 719 -635 717 823 890 363 -580 14 64 271 -125 -224 -309 -256 382 -626 -577 -730 -172 159 738 -869 632 215 -934 -751 -446 -21 618 -292 -932 454 -978 -49 -348 -257 -791 404 -321 123 -395 1 -268 -858 -616 99 85 15 -196 684 -493 80 -984 223 424 -509 29 752 932 -867 221 -850 996 -401 -812 974 105 -44 -970 287 965 -480 -11 -647 365 -262 94 187 -743 -929 -433 -625 899 844 579 -373 -188 310 97 -139 951 566 705 767 -4 192 -107 -278 -73 540 149 749 -938 -396 416 600 938 -399 -852 -79 -496 -711 203 -72 -877 -990 -768 478 -119 492 45 -722 698 -720 258 442 198 498 -664 681 -610 556 -729 403 -516 -383 -907 549 -704 -890 986 -738 -428 -190 -578 304 453 507 985 -752 -187 -623 -914 646 821 328 918 656 -649 402 -611 644 353 -216 -47 -19 -194 -120 -913 764 804 -314 -379 -976 -835 -612 295 378 61 725 807 595 -989 -69 694 390 724 682 -886 -30 -132 -708 552 349 -398 645 354 -421 -506 -349 -784 -50 -994 -741 388 -306 472 -110 562 588 -703 66 -656 40 120 473 -85 877 -123 -533 -693 504 593 -827 532 -645 -153 657 -369 443 210 962 -402 -29 459 -753 -454 952 -904 -529 975 -814 -771 -392 -843 714 345 -322 776 238 -947 -805 964 -303 -522 -584 -517 980 385 -848 -639 -350 -660 859 -411 463 -361 620 428 -391 321 -683 -265 -808 -41 355 495 -1 659 -558 -894 793 -451 -347 -512 -797 -698 -508 257 -523 318 -205 -337 999 -676 -960 956 -644 -235 766 -551 601 -633 343 173 -828 801 -191 -297 -624 -839 305 553 -695 356 130 -617 -484 704 -893 -530 -232 706 -406 -377 -84 611 542 -631 897 522 -968 -737 -331 -911 -627 768 607 -150 544 887 447 -944 -198 -414 -246 -798 680 70 -652 -413 838 -608 121 153 -881 -28 161 -723 571 854 -249 292 -572 557 -247 -259 -293 721 -912 858 491 -732 357 772 -465 744 98 869 811 335 -712 810 779 -410 616 -609 508 728 444 736 -225 128 350 -754 795 846 872 530 -304 228 398 894 969 205 -46 -117 -574 697 534 713 409 -762 -234 -55 470 212 819 -75 741 742 -490 496 696 188 845 92 -505 -993 -207 369 -547 422 -642 -51 -388 -880 190 306 545 -106 949 -443 -726 47 -351 370 785 892 613 627 -386 136 693 -343 180 377 -13 -853 -581 -130 75 27 -595 316 978 -136 -856 875 -415
-982 942 920 136 -524 741 -490 634 941 390 -703 -546 571 252 -185 -139 514 686 -811 655 -224 -768 -486 233 425 357 -198 138 -565 621 -639 160 -724 801 -952 -645 -845 -528 -633 -396 -990 -33 -946 -818 734 215 -500 -51 -970 -315 -482 -538 344 -969 360 454 962 585 245 -70 925 860 82 397 -271 -911 660 982 -849 -910 -965 -81 228 -599 -459 -749 -827 383 -934 378 -443 253 -660 -759 -978 915 -694 -646 538 511 992 -406 -477 508 144 837 993 615 -440 -567 -469 49 -426 -239 -736 -54 15 983 123 130 -439 825 797 499 335 -85 -328 392 224 68 -168 379 918 107 305 -593 -722 -553 733 618 -716 83 453 323 -35 -860 42 -89 927 -250 37 163 -635 -625 226 916 -875 919 -771 -343 -297 -993 -219 596 34 -160 670 494 -433 211 779 528 -359 581 653 935 -34 708 271 -896 862 -964 771 -622 -365 -557 -340 820 -880 740 -147 -846 -384 -693 -727 -831 -242 521 725 -886 680 717 -152 -927 -418 -263 -924 -928 -253 -656 524 746 60 560 27 -941 -86 913 -901 -481 291 527 -386 -488 946 -563 -42 559 -208 179 858 76 -661 175 -320 661 -114 433 503 683 384 -564 230 -269 697 281 -545 63 -69 -464 -890 699 18 994 246 -898 354 113 -95 -502 332 854 587 984 166 -381 -561 914 -788 -600 -118 759 840 -696 306 -60 -102 -493 -721 -979 -948 44 -473 386 -522 270 86 -608 617 -864 -598 -394 -326 632 368 -485 372 977 701 -650 341 -610 380 515 447 -604 985 -756 345 486 257 415 650 4 570 118 121 -871 -196 -637 -855 -673 745 -438 729 722 -108 -916 -371 903 -954 -618 -444 -666 -580 251 269 -266 171 -786 -290 -929 -353 772 59 -249 -229 -228 143 -96 -74 330 -448 423 619 625 -789 259 -32 -335 -180 -169 -577 -551 -293 -245 -148 544 477 -166 -36 -49 218 -552 258 263 -767 -836 966 -920 934 48 630 -801 -449 -918 -360 -589 -870 12 23 -55 -856 -955 -209 173 -377 449 448 342 749 -956 912 484 -794 712 838 212 -351 -843 828 -453 403 -7 -626 -311 -791 -535 -823 120 512 498 293 69 -527 -392 -454 637 928 584 972 -27 457 -731 122 -230 556 995 -835 198 -329 94 420 -471 659 -342 721 702 174 142 987 93 318 307 358 -215 -14 976 33 -620 -868 849 -158 424 -417 990 -436 396 -607 -501 893 -741 -67 155 -672 450 629 -586 707 317 -579 -437 539 950 799 -202 -306 -576 399 827 -951 -296 432 611 -832 356 823 -581 -211 2 -487 -200 -356 -906 201 -299 313 -470 455 475
687 -936 -57 634 354 262 -596 -459 190 -234 542 28 474 -207 962 -48 -563 -760 -458 -389 -602 -390 -963 933 285 -137 -485 291 207 980 -52 495 588 -584 -185 319 162 -627 111 -735 402 177 -577 -867 -126 -73 739 749 191 198 -424 -679 -654 -887 471 -38 1 352 476 934 253 314 275 221 -505 143 -567 555 -429 -550 -416 -624 -243 766 967 118 769 513 -701 -998 -99 171 -449 -980 929 873 731 -499 -898 783 -119 602 161 -289 -156 -635 -612 927 -468 -221 -419 997 160 -728 576 -965 -383 101 550 99 406 580 -440 -470 976 -809 -559 480 -643 -347 828 -941 45 -790 661 678 903 -709 990 -876 -629 90 -816 -271 710 -779 -45 366 281 26 -324 12 803 -498 309 -770 -492 -623 37 519 -910 429 -438 77 -236 -543 -298 746 371 -762 -117 -122 -168 -926 -952 -193 -105 -475 439 -218 -874 265 267 89 -681 481 442 -377 -539 -8 -782 -579 -793 -712 -102 841 288 575 465 520 -392 269 -340 469 515 -215 -335 -133 -714 -841 -220 126 642 -905 -715 245 211 -843 531 7 135 -93 -849 -652 159 -349 -146 -53 -213 260 153 959 923 566 -956 -502 -885 -161 96 614 -925 -358 666 -935 -412 92 -962 562 -370 964 -142 -159 72 205 -422 -560 -226 -181 -237 -868 543 608 -522 -162 -178 -405 404 646 216 -637 -549 15 -190 299 919 -164 301 -954 786 603 673 -711 369 889 237 -587 -906 -396 643 40 -311 747 -902 944 -235 -297 865 84 721 -76 -500 -521 -277 194 581 690 -464 -792 -877 -364 -497 -732 95 658 75 502 381 431 8 -202 -482 -328 -140 -172 -533 751 114 -774 -394 321 -692 -153 922 585 328 -794 426 -230 -958 779 -39 123 -985 -182 213 876 961 -625 630 -165 -275 -423 613 -636 -855 -526 -10 823 334 -90 -831 537 570 21 -805 618 -260 -189 771 -535 -280 -994 -471 952 -341 806 -668 713 638 -469 817 -339 882 -330 -14 94 692 -233 -100 -148 -721 235 -120 -43 -201 -834 -276 378 -447 377 218 -751 -290 561 -947 -870 778 457 676 994 -871 596 403 871 187 -697 483 -508 360 805 -865 -753 -747 932 -604 29 297 -386 626 459 -305 -633 24 310 674 223 -437 877 918 -723 -746 477 -682 115 -840 25 401 -402 802 -216 911 696 -640 556 -754 906 872 717 826 146 -609 -990 456 -537 277 891 -375 -943 282 -18 680 -684 984 -247 -418 -825 141 682 -286 134 -892 -574 -766 130 -765 351 993 -827 313 -51 -899 -564 -510 824 700 631 -284 -103 -878 819 -46 -40 491 -900 -853 -938 -710 365 -50 755
918 -620 801 -56 20 -792 3 -297 -636 -461 363 -877 882 -416 -569 326 150 -755 -190 600 506 -940 92 -833 -342 902 994 194 143 -533 -903 -708 -225 -106 -799 90 -202 878 -239 715 630 766 18 -369 -743 -896 -467 945 -964 -695 -117 392 968 -166 444 -812 413 -121 19 683 472 -317 -585 -431 -191 856 567 -397 233 -21 21 328 -144 357 -751 0 -243 -29 562 -486 187 116 -825 412 -967 138 -566 -270 -27 -219 -627 -25 -132 507 -250 625 -30 909 185 27 -295 656 727 796 124 -9 486 -440 710 -256 -15 -717 4 770 -817 -459 -457 -468 195 802 -913 192 -990 445 -200 404 -482 -957 -783 44 -358 532 94 -754 -205 597 -97 697 953 -436 109 -122 -11 574 825 915 550 -302 -622 331 102 925 997 -14 -598 -335 732 -499 702 -168 -61 635 -300 -238 457 -980 98 679 -638 -818 942 435 1 -137 -263 972 563 -481 -674 422 -82 -368 604 -942 -824 -600 296 -175 818 -456 482 -77 -472 66 421 -201 -608 -658 585 -681 -667 792 278 -280 -167 -490 -73 952 428 619 738 293 -568 -843 516 30 -98 310 -915 -710 782 588 416 478 391 -876 417 -914 -319 -871 -683 809 275 976 243 -969 906 745 -165 -466 261 -968 -389 -494 -995 -281 -746 -668 948 178 137 689 -465 -255 754 -685 -790 -762 -756 443 -599 946 -45 -226 388 587 -363 538 -835 -530 675 -652 -804 564 -821 235 114 -522 842 -632 -655 780 136 615 -338 614 -601 343 199 -362 554 -941 949 -287 -928 -673 -232 -615 -936 -540 -485 -133 -260 -500 -736 -193 -87 -563 -426 468 -448 274 568 -820 -869 577 -666 867 45 -229 -633 -630 -774 883 821 61 578 -607 628 -816 -885 670 -592 34 -108 -38 16 -86 32 -152 54 -672 -378 -355 -409 480 427 84 908 103 -687 38 119 555 -773 663 306 481 -806 169 502 -148 -561 707 -526 -464 -916 -684 848 -651 -476 -90 499 -111 -831 -795 527 634 -906 -679 -493 43 832 966 -648 620 -412 543 -221 -241 -489 207 295 714 42 -391 -696 -387 653 548 -828 638 658 609 -120 -582 -357 -738 -865 -520 979 907 819 -210 263 -985 461 64 230 479 904 110 -173 812 212 -939 50 -435 347 879 -483 -359 221 -18 835 -60 248 -351 -427 -950 -749 986 605 162 -46 223 365 488 72 589 -199 -721 -473 -76 -814 -315 -488 -136 962 -892 647 -248 -911 723 -637 -327 -661 492 -519 -495 -344 74 -978 8 -268 943 -850 -766 75 807 -617 804 -367 -999 -41 -564 955 552 -931 -146 -669 203 -49 -217 987 -3 -849 901 -923 -765
-903 396 -228 -924 -426 -581 826 -85 879 418 390 656 984 369 462 -827 28 305 844 116 652 -551 942 789 964 -474 478 486 -321 -789 167 -121 443 112 -236 783 -374 801 -565 558 -19 3 -380 699 -362 -526 416 850 916 -341 -338 -890 810 -123 -329 -527 45 -472 220 -523 -834 383 -358 733 -717 581 460 813 313 587 -857 252 -24 -127 -441 750 731 -105 361 693 523 979 -3 14 -525 -344 -113 24 -180 434 197 -929 -373 729 -991 336 746 147 564 -887 101 -216 249 -599 -771 -648 429 -342 -908 280 -709 96 666 903 811 566 -806 -883 999 -376 609 263 -146 993 -982 -434 -253 547 417 -777 -955 -464 94 -8 -689 892 -71 883 932 -267 265 -305 800 -495 930 -823 32 164 33 -518 -720 -200 -529 213 -92 301 184 -409 90 697 985 427 -368 449 459 -16 670 798 792 885 -584 -745 952 93 52 -711 -643 -852 858 -730 -635 128 -87 154 761 797 601 208 -382 289 -826 -220 -165 -360 187 -687 281 42 159 -150 -675 -243 -99 -217 -25 -385 -617 701 863 859 -357 690 764 488 -386 -133 371 -312 288 552 328 -541 732 -662 846 -285 768 342 19 -846 29 -485 -592 142 -828 524 565 -459 -164 -451 817 106 787 -431 -173 489 -298 -549 325 409 -18 -799 941 977 234 940 -621 938 -365 129 296 -170 -721 -841 -406 901 -159 -333 -221 278 -37 -339 -33 605 980 355 -613 -975 -805 -571 -741 706 927 290 -926 498 -807 -987 887 439 -753 463 884 175 212 493 -54 -534 937 160 -900 -748 -304 762 -816 -418 -875 -272 -923 -893 991 830 -44 834 861 -671 913 976 872 -313 -377 -131 873 -440 -756 -854 -859 902 474 -263 612 13 198 258 -75 405 721 -14 -455 -311 881 59 108 186 248 812 643 -174 -323 -726 671 119 -667 60 -445 165 445 774 86 -517 229 -270 -562 681 -15 -423 943 510 -608 284 174 -497 743 -68 503 182 931 306 889 948 -967 297 22 -119 990 -902 -746 978 414 -933 710 -23 -766 -764 131 568 -958 -763 192 -94 447 -295 -564 -921 -802 737 446 -422 -631 424 219 -22 589 -20 -192 -449 -182 -980 319 -421 -790 741 -299 76 -966 -817 226 223 -595 -588 840 -345 -500 441 835 996 311 217 -53 183 349 501 842 -930 -715 48 -110 346 640 126 -437 389 594 -989 -428 -488 -405 -266 21 -187 -797 -213 35 -977 625 392 136 329 -268 753 -542 -425 -337 99 -359 155 -535 898 -82 674 -702 778 285 253 316 -93 158 -728 -866 39 837 332 410 87 110 -256 936 461 -990 -539
-532 -563 -170 -666 -56 341 280 -902 -123 632 -473 129 410 -46 -673 484 -256 220 626 -40 269 509 -886 -792 951 123 -887 -629 -992 -742 740 732 -503 54 -530 -712 648 312 -477 -387 -345 -366 990 -612 241 138 666 408 -33 462 -526 -816 -608 -359 590 -635 -447 42 -14 -752 77 380 -332 -333 -936 86 -578 -884 723 -265 749 -351 543 -905 -789 637 850 -869 -90 -770 461 -538 942 310 715 -316 66 -611 -908 -190 110 697 -296 219 907 -365 -343 -671 -537 -836 -638 614 -144 338 274 213 -766 671 805 -813 -921 230 -497 154 197 -615 597 238 665 -800 -715 -147 -280 -594 -180 -967 -668 392 819 -211 174 -971 -993 741 893 684 595 337 841 641 968 -518 574 857 -711 605 -326 -797 305 -110 988 340 -514 -722 -482 -429 -245 169 -546 926 -124 764 -475 860 -814 -349 81 -145 214 -599 -479 -84 634 -358 -18 -642 607 814 724 -707 223 -95 29 -547 -35 273 448 1 209 28 470 -363 586 -376 677 -158 500 11 -388 -885 -860 61 -146 157 -36 -861 779 -573 390 160 -67 635 -809 434 507 -631 -453 -425 -833 -937 963 367 711 873 272 -59 409 823 651 -849 413 432 883 -595 969 -133 231 -944 695 629 236 -464 701 797 -273 -38 -189 288 -29 396 315 -396 925 -444 -678 -536 -948 -753 168 -63 -590 858 -44 -697 906 997 44 845 -426 -438 178 -187 46 699 -327 308 -730 164 233 67 909 373 -32 330 -995 -490 813 -16 -580 -439 387 271 610 -778 -796 -468 594 464 933 570 205 -743 239 788 562 133 -751 538 504 980 -205 -487 604 287 371 518 803 449 102 490 939 -954 -389 -295 982 -241 -491 593 316 687 600 848 596 560 -30 892 252 482 -346 32 -79 -603 913 292 -657 -997 -495 -588 890 -152 673 -197 -720 -138 15 -953 954 -924 672 928 195 820 941 -521 -725 -746 -801 -574 946 -636 654 -270 944 -71 136 -734 -810 -862 922 927 -202 -454 -932 -57 709 302 505 25 -517 727 121 -702 -269 736 -643 -824 -249 -741 -285 45 237 -3 919 959 575 419 483 -194 -969 -780 -328 374 762 162 202 691 -289 902 403 -684 -260 -441 960 -65 822 554 627 -845 -70 69 -467 240 904 880 780 471 821 391 -434 -382 -136 839 -664 180 -294 -324 -139 473 -644 -209 -153 -347 -904 404 -871 754 558 681 965 903 246 -74 896 -736 -253 -403 -45 -9 -907 -140 370 402 93 882 431 525 -935 -648 -474 458 -371 -446 -168 400 -302 -424 950 636 792 221 831 -839 784 657 -745 -111 515 682 326 420
46 -5 850 662 77 296 -313 270 -396 -239 -234 -13 278 -648 5 232 61 572 -293 -549 92 908 -828 487 9 -764 -77 -575 -326 391 -216 -255 105 -937 686 -760 -318 340 -184 47 876 -664 -746 958 -109 920 10 748 245 33 179 497 -180 -747 -429 -343 -314 374 1 -807 -643 143 809 849 823 529 638 -197 -551 332 184 780 654 907 474 -1 -982 840 207 -939 970 619 -46 -119 -516 -832 -779 129 392 821 -739 -249 954 -903 262 220 -136 114 -464 -938 218 -877 223 -220 -525 909 848 448 -711 666 -391 -891 -559 -210 671 744 -979 -873 687 -717 225 -719 553 -524 778 -308 -942 967 167 -271 -491 194 -181 -600 -282 412 625 -378 389 470 763 -337 -597 816 208 -875 -127 519 -644 -424 -535 -448 325 532 405 -503 -904 -251 -117 846 972 704 -959 250 591 379 244 550 546 724 -469 65 624 -394 -670 -936 615 -27 -217 -404 -93 -419 453 919 -105 -507 820 50 -186 163 -923 -745 600 714 -843 -16 29 831 -445 -844 -151 -86 872 -812 -233 300 26 912 567 302 -866 -176 -2 661 845 -121 -246 277 485 -868 915 855 -755 -187 -256 -733 482 -587 69 554 177 -736 -241 58 -715 -645 -19 254 -815 697 -957 221 104 -87 -200 376 707 -742 -505 -820 997 -410 534 -487 74 611 -695 -475 -205 -607 -640 -402 703 -483 795 -997 -967 -576 -963 843 -112 -536 -222 199 -676 -621 131 387 -592 -852 779 -371 -751 -690 725 -447 -987 -383 117 153 939 616 -174 359 952 837 369 159 384 767 465 -841 -769 -292 285 -33 -349 268 -543 -287 -642 -198 -258 337 891 123 176 -668 885 774 224 609 -641 738 -12 902 -685 475 -915 157 -862 -470 -7 166 -886 7 -799 6 -99 -988 917 -219 -432 722 764 78 -586 195 689 -588 -948 479 -453 789 -315 -73 32 -790 937 897 741 235 -268 -479 -785 34 -388 -14 -780 -689 932 -17 -966 -347 -842 66 -564 155 599 936 -792 425 650 480 729 -367 -850 -681 17 549 -791 197 -359 335 -867 81 -397 977 84 863 -806 344 -984 -354 981 527 -802 411 -985 -630 -224 -351 612 825 -823 51 678 134 -329 -460 18 -615 694 627 -50 -482 263 670 -273 -590 -270 -691 -945 -989 -722 555 -678 -90 -213 48 -530 217 367 -796 -960 -716 237 875 -178 499 727 742 2 -370 -253 -153 -853 864 745 -305 -338 471 -527 -160 -226 517 36 -887 456 -771 190 -171 201 -54 -836 -289 -101 11 -756 -798 461 -918 -208 311 382 178 351 488 -657 -816 -606 660 -928 914 -869 879 773 793 777 290
-582 366 141 874 381 978 -99 714 -664 -207 -757 482 -162 320 787 638 786 -453 -756 -760 591 -269 466 215 170 -968 565 495 91 -919 562 -583 306 97 -32 857 -245 656 -818 238 260 -626 -517 -665 -167 498 -463 -465 -361 -244 917 -930 -580 -833 248 846 -115 -605 -865 -666 -166 182 -293 -316 604 -28 469 89 -187 -676 -989 645 878 421 756 229 -493 -285 200 516 -789 -199 401 -315 669 -8 -319 300 890 104 -866 -588 740 579 -4 -408 -438 -683 -845 -433 478 -576 -124 652 919 749 208 298 -598 -735 525 -309 757 223 778 233 43 937 -210 -192 -877 -878 -620 -553 -352 -910 144 289 511 -203 213 -306 121 755 793 589 -718 -556 -903 -497 -475 848 369 -951 642 123 244 -739 768 745 -518 165 -356 -355 399 739 425 945 955 -501 263 849 888 125 688 -779 301 -142 -560 383 326 988 -975 -595 -551 651 109 -787 236 -403 -421 390 837 -86 759 164 329 -15 -195 -856 -510 343 -902 -485 800 929 199 510 -623 -141 -755 -853 -713 468 -308 -300 -672 792 -303 894 -679 -549 706 -889 497 -701 954 389 -915 824 -146 563 462 667 185 -692 -593 489 527 -826 168 -848 80 -628 -806 -803 -473 -81 -34 515 142 219 68 -127 347 384 884 595 -391 427 -811 903 -511 764 92 752 36 -464 -913 -462 153 -483 -340 -709 862 -941 191 -572 -343 30 -727 -932 339 -150 834 -25 -793 -946 493 282 2 -59 -5 -917 702 64 -368 -613 -937 330 -901 -887 782 940 -331 254 578 -539 -925 206 16 -255 -440 -200 -102 -156 442 649 -253 172 621 -567 -189 -186 -809 -994 524 948 939 9 -149 72 -503 416 -111 -436 -38 -749 922 15 -770 409 271 569 -799 -139 -843 819 -424 -978 -406 316 572 155 -815 908 -410 -118 -618 211 -220 -54 -745 119 831 -126 933 -698 -768 368 24 -977 -816 -498 730 539 -198 -999 747 -176 412 69 838 -578 -457 -758 860 -479 338 779 733 630 440 993 50 -885 456 998 -706 -159 -455 815 396 805 821 -728 603 -899 405 855 -524 549 281 -841 40 -684 160 -351 -550 -615 599 -104 -114 -636 517 -738 -658 137 -859 -261 253 574 -143 -875 305 -7 654 -312 -695 -256 353 435 905 570 -26 -422 -687 841 -690 735 700 748 958 -267 82 379 245 17 434 413 461 -762 -179 -57 3 406 887 886 460 761 394 414 -39 -780 407 590 -603 304 -557 -587 -109 -851 899 -389 -918 -106 -688 -365 608 -399 -72 943 492 -131 -771 892 101 -852 -342 765 -100 544 876 -205 146 906 -898 934 780 915
